TN:
SF:server.js
FN:24,(anonymous_0)
FN:30,(anonymous_1)
FN:31,(anonymous_2)
FN:38,(anonymous_3)
FN:49,(anonymous_4)
FN:68,(anonymous_5)
FN:72,(anonymous_6)
FN:73,(anonymous_7)
FN:88,(anonymous_8)
FN:98,(anonymous_9)
FN:99,(anonymous_10)
FN:114,ValidateEmail
FN:121,(anonymous_12)
FN:136,(anonymous_13)
FN:147,(anonymous_14)
FN:148,(anonymous_15)
FN:158,(anonymous_16)
FN:169,(anonymous_17)
FN:170,(anonymous_18)
FN:183,(anonymous_19)
FN:185,(anonymous_20)
FN:197,(anonymous_21)
FN:202,(anonymous_22)
FN:211,(anonymous_23)
FNF:24
FNH:19
FNDA:3,(anonymous_0)
FNDA:3,(anonymous_1)
FNDA:3,(anonymous_2)
FNDA:2,(anonymous_3)
FNDA:0,(anonymous_4)
FNDA:2,(anonymous_5)
FNDA:2,(anonymous_6)
FNDA:0,(anonymous_7)
FNDA:2,(anonymous_8)
FNDA:1,(anonymous_9)
FNDA:0,(anonymous_10)
FNDA:4,ValidateEmail
FNDA:2,(anonymous_12)
FNDA:1,(anonymous_13)
FNDA:1,(anonymous_14)
FNDA:0,(anonymous_15)
FNDA:1,(anonymous_16)
FNDA:1,(anonymous_17)
FNDA:0,(anonymous_18)
FNDA:1,(anonymous_19)
FNDA:1,(anonymous_20)
FNDA:1,(anonymous_21)
FNDA:1,(anonymous_22)
FNDA:1,(anonymous_23)
DA:3,1
DA:4,1
DA:5,1
DA:6,1
DA:7,1
DA:8,1
DA:10,1
DA:13,1
DA:22,1
DA:24,1
DA:25,3
DA:26,3
DA:27,3
DA:28,3
DA:30,3
DA:31,3
DA:32,3
DA:33,1
DA:34,1
DA:38,2
DA:40,2
DA:43,2
DA:44,6
DA:45,2
DA:47,1
DA:48,1
DA:49,0
DA:54,1
DA:56,2
DA:59,2
DA:68,1
DA:69,2
DA:71,2
DA:72,2
DA:73,2
DA:75,0
DA:76,0
DA:83,0
DA:88,1
DA:90,2
DA:91,2
DA:92,2
DA:93,2
DA:94,2
DA:95,2
DA:96,2
DA:97,2
DA:98,1
DA:99,1
DA:101,0
DA:108,1
DA:115,4
DA:116,3
DA:118,1
DA:121,1
DA:122,2
DA:123,2
DA:125,2
DA:126,1
DA:130,1
DA:136,1
DA:137,1
DA:138,1
DA:139,1
DA:140,1
DA:141,1
DA:142,1
DA:144,1
DA:145,1
DA:147,1
DA:148,1
DA:151,0
DA:158,1
DA:159,1
DA:160,1
DA:161,1
DA:162,1
DA:163,1
DA:164,1
DA:166,1
DA:167,1
DA:169,1
DA:170,1
DA:173,0
DA:183,1
DA:185,1
DA:186,1
DA:187,0
DA:190,0
DA:193,1
DA:195,1
DA:197,1
DA:202,1
DA:203,1
DA:204,0
DA:207,0
DA:210,1
DA:211,1
DA:213,1
DA:214,1
DA:219,1
DA:222,1
DA:223,1
LF:103
LH:92
BRDA:32,0,0,1
BRDA:32,0,1,2
BRDA:44,1,0,2
BRDA:44,1,1,4
BRDA:45,2,0,1
BRDA:45,2,1,1
BRDA:45,3,0,2
BRDA:45,3,1,2
BRDA:48,4,0,0
BRDA:48,4,1,1
BRDA:71,5,0,2
BRDA:71,5,1,0
BRDA:97,6,0,1
BRDA:97,6,1,1
BRDA:115,7,0,3
BRDA:115,7,1,1
BRDA:125,8,0,1
BRDA:125,8,1,1
BRDA:125,9,0,2
BRDA:125,9,1,2
BRDA:125,9,2,2
BRDA:125,9,3,1
BRDA:186,10,0,0
BRDA:186,10,1,1
BRDA:203,11,0,0
BRDA:203,11,1,1
BRDA:213,12,0,0
BRDA:213,12,1,1
BRF:28
BRH:23
end_of_record
